# JRE version: OpenJDK Runtime Environment (8.0_202-b03) (build 1.8.0_202-release-1483-b03)
# Java VM: OpenJDK 64-Bit Server VM (25.202-b03 mixed mode windows-amd64 compressed oops)
Heap:
 PSYoungGen      total 444416K, used 205699K [0x00000000e0000000, 0x0000000100000000, 0x0000000100000000)
  eden space 364544K, 51% used [0x00000000e0000000,0x00000000eb7a9158,0x00000000f6400000)
  from space 79872K, 22% used [0x00000000f6400000,0x00000000f7537ab8,0x00000000fb200000)
  to   space 77824K, 0% used [0x00000000fb400000,0x00000000fb400000,0x0000000100000000)
 ParOldGen       total 459776K, used 409607K [0x00000000a0000000, 0x00000000bc100000, 0x00000000e0000000)
  object space 459776K, 89% used [0x00000000a0000000,0x00000000b9001e98,0x00000000bc100000)
 Metaspace       used 761606K, capacity 780021K, committed 780200K, reserved 1736704K
  class space    used 89201K, capacity 93571K, committed 93696K, reserved 1048576K
GC Heap History (10 events):
Event: 57049.519 GC heap before
{Heap before GC invocations=251 (full 13):
 PSYoungGen      total 427008K, used 379030K [0x00000000e0000000, 0x00000000ff680000, 0x0000000100000000)
  eden space 351744K, 100% used [0x00000000e0000000,0x00000000f5780000,0x00000000f5780000)
  from space 75264K, 36% used [0x00000000fad00000,0x00000000fc7a5b98,0x00000000ff680000)
  to   space 81408K, 0% used [0x00000000f5780000,0x00000000f5780000,0x00000000fa700000)
 ParOldGen       total 459776K, used 375782K [0x00000000a0000000, 0x00000000bc100000, 0x00000000e0000000)
  object space 459776K, 81% used [0x00000000a0000000,0x00000000b6ef9a48,0x00000000bc100000)
 Metaspace       used 753203K, capacity 771391K, committed 771752K, reserved 1728512K
  class space    used 88240K, capacity 92548K, committed 92672K, reserved 1048576K
Event: 57050.763 GC heap after
Heap after GC invocations=251 (full 13):
 PSYoungGen      total 433152K, used 11565K [0x00000000e0000000, 0x0000000100000000, 0x0000000100000000)
  eden space 351744K, 0% used [0x00000000e0000000,0x00000000e0000000,0x00000000f5780000)
  from space 81408K, 14% used [0x00000000f5780000,0x00000000f62cb4d8,0x00000000fa700000)
  to   space 80384K, 0% used [0x00000000fb180000,0x00000000fb180000,0x0000000100000000)
 ParOldGen       total 459776K, used 378986K [0x00000000a0000000, 0x00000000bc100000, 0x00000000e0000000)
  object space 459776K, 82% used [0x00000000a0000000,0x00000000b721ab70,0x00000000bc100000)
 Metaspace       used 753203K, capacity 771391K, committed 771752K, reserved 1728512K
  class space    used 88240K, capacity 92548K, committed 92672K, reserved 1048576K
}
Event: 57618.765 GC heap before
{Heap before GC invocations=252 (full 13):
 PSYoungGen      total 433152K, used 363309K [0x00000000e0000000, 0x0000000100000000, 0x0000000100000000)
  eden space 351744K, 100% used [0x00000000e0000000,0x00000000f5780000,0x00000000f5780000)
  from space 81408K, 14% used [0x00000000f5780000,0x00000000f62cb4d8,0x00000000fa700000)
  to   space 80384K, 0% used [0x00000000fb180000,0x00000000fb180000,0x0000000100000000)
 ParOldGen       total 459776K, used 378986K [0x00000000a0000000, 0x00000000bc100000, 0x00000000e0000000)
  object space 459776K, 82% used [0x00000000a0000000,0x00000000b721ab70,0x00000000bc100000)
 Metaspace       used 753379K, capacity 771583K, committed 771752K, reserved 1728512K
  class space    used 88257K, capacity 92560K, committed 92672K, reserved 1048576K
Event: 57619.769 GC heap after
Heap after GC invocations=252 (full 13):
 PSYoungGen      total 438784K, used 12592K [0x00000000e0000000, 0x00000000ffc00000, 0x0000000100000000)
  eden space 362496K, 0% used [0x00000000e0000000,0x00000000e0000000,0x00000000f6200000)
  from space 76288K, 16% used [0x00000000fb180000,0x00000000fbdcc158,0x00000000ffc00000)
  to   space 78848K, 0% used [0x00000000f6200000,0x00000000f6200000,0x00000000faf00000)
 ParOldGen       total 459776K, used 383567K [0x00000000a0000000, 0x00000000bc100000, 0x00000000e0000000)
  object space 459776K, 83% used [0x00000000a0000000,0x00000000b7693e80,0x00000000bc100000)
 Metaspace       used 753379K, capacity 771583K, committed 771752K, reserved 1728512K
  class space    used 88257K, capacity 92560K, committed 92672K, reserved 1048576K
}
Event: 57628.563 GC heap before
{Heap before GC invocations=253 (full 13):
 PSYoungGen      total 438784K, used 375088K [0x00000000e0000000, 0x00000000ffc00000, 0x0000000100000000)
  eden space 362496K, 100% used [0x00000000e0000000,0x00000000f6200000,0x00000000f6200000)
  from space 76288K, 16% used [0x00000000fb180000,0x00000000fbdcc158,0x00000000ffc00000)
  to   space 78848K, 0% used [0x00000000f6200000,0x00000000f6200000,0x00000000faf00000)
 ParOldGen       total 459776K, used 383567K [0x00000000a0000000, 0x00000000bc100000, 0x00000000e0000000)
  object space 459776K, 83% used [0x00000000a0000000,0x00000000b7693e80,0x00000000bc100000)
 Metaspace       used 753699K, capacity 771953K, committed 772008K, reserved 1728512K
  class space    used 88287K, capacity 92617K, committed 92672K, reserved 1048576K
Event: 57629.315 GC heap after
Heap after GC invocations=253 (full 13):
 PSYoungGen      total 441344K, used 23913K [0x00000000e0000000, 0x00000000ffb80000, 0x0000000100000000)
  eden space 362496K, 0% used [0x00000000e0000000,0x00000000e0000000,0x00000000f6200000)
  from space 78848K, 30% used [0x00000000f6200000,0x00000000f795a750,0x00000000faf00000)
  to   space 75264K, 0% used [0x00000000fb200000,0x00000000fb200000,0x00000000ffb80000)
 ParOldGen       total 459776K, used 395527K [0x00000000a0000000, 0x00000000bc100000, 0x00000000e0000000)
  object space 459776K, 86% used [0x00000000a0000000,0x00000000b8241ea8,0x00000000bc100000)
 Metaspace       used 753699K, capacity 771953K, committed 772008K, reserved 1728512K
  class space    used 88287K, capacity 92617K, committed 92672K, reserved 1048576K
}
Event: 57642.156 GC heap before
{Heap before GC invocations=254 (full 13):
 PSYoungGen      total 441344K, used 386409K [0x00000000e0000000, 0x00000000ffb80000, 0x0000000100000000)
  eden space 362496K, 100% used [0x00000000e0000000,0x00000000f6200000,0x00000000f6200000)
  from space 78848K, 30% used [0x00000000f6200000,0x00000000f795a750,0x00000000faf00000)
  to   space 75264K, 0% used [0x00000000fb200000,0x00000000fb200000,0x00000000ffb80000)
 ParOldGen       total 459776K, used 395527K [0x00000000a0000000, 0x00000000bc100000, 0x00000000e0000000)
  object space 459776K, 86% used [0x00000000a0000000,0x00000000b8241ea8,0x00000000bc100000)
 Metaspace       used 760815K, capacity 779157K, committed 779304K, reserved 1734656K
  class space    used 89102K, capacity 93461K, committed 93568K, reserved 1048576K
Event: 57642.823 GC heap after
Heap after GC invocations=254 (full 13):
 PSYoungGen      total 439808K, used 54856K [0x00000000e0000000, 0x0000000100000000, 0x0000000100000000)
  eden space 364544K, 0% used [0x00000000e0000000,0x00000000e0000000,0x00000000f6400000)
  from space 75264K, 72% used [0x00000000fb200000,0x00000000fe792020,0x00000000ffb80000)
  to   space 79872K, 0% used [0x00000000f6400000,0x00000000f6400000,0x00000000fb200000)
 ParOldGen       total 459776K, used 402040K [0x00000000a0000000, 0x00000000bc100000, 0x00000000e0000000)
  object space 459776K, 87% used [0x00000000a0000000,0x00000000b889e1d8,0x00000000bc100000)
 Metaspace       used 760815K, capacity 779157K, committed 779304K, reserved 1734656K
  class space    used 89102K, capacity 93461K, committed 93568K, reserved 1048576K
}
Event: 57653.974 GC heap before
{Heap before GC invocations=255 (full 13):
 PSYoungGen      total 439808K, used 419400K [0x00000000e0000000, 0x0000000100000000, 0x0000000100000000)
  eden space 364544K, 100% used [0x00000000e0000000,0x00000000f6400000,0x00000000f6400000)
  from space 75264K, 72% used [0x00000000fb200000,0x00000000fe792020,0x00000000ffb80000)
  to   space 79872K, 0% used [0x00000000f6400000,0x00000000f6400000,0x00000000fb200000)
 ParOldGen       total 459776K, used 402040K [0x00000000a0000000, 0x00000000bc100000, 0x00000000e0000000)
  object space 459776K, 87% used [0x00000000a0000000,0x00000000b889e1d8,0x00000000bc100000)
 Metaspace       used 761498K, capacity 779875K, committed 780072K, reserved 1736704K
  class space    used 89182K, capacity 93550K, committed 93568K, reserved 1048576K
Event: 57654.181 GC heap after
Heap after GC invocations=255 (full 13):
 PSYoungGen      total 444416K, used 17630K [0x00000000e0000000, 0x0000000100000000, 0x0000000100000000)
  eden space 364544K, 0% used [0x00000000e0000000,0x00000000e0000000,0x00000000f6400000)
  from space 79872K, 22% used [0x00000000f6400000,0x00000000f7537ab8,0x00000000fb200000)
  to   space 77824K, 0% used [0x00000000fb400000,0x00000000fb400000,0x0000000100000000)
 ParOldGen       total 459776K, used 409607K [0x00000000a0000000, 0x00000000bc100000, 0x00000000e0000000)
  object space 459776K, 89% used [0x00000000a0000000,0x00000000b9001e98,0x00000000bc100000)
 Metaspace       used 761498K, capacity 779875K, committed 780072K, reserved 1736704K
  class space    used 89182K, capacity 93550K, committed 93568K, reserved 1048576K
}

